<?xml version="1.0" encoding="UTF-8"?>
<!-- Generated by org.testng.reporters.JUnitReportReporter -->
<testsuite skipped="0" hostname="DESKTOP-1UVLBD0" name="AppiumTestCases.AppiumDemo1" tests="1" failures="0" timestamp="2019-12-09T20:33:01 PST" time="67.043" errors="1">
  <testcase name="setUp" time="67.043" classname="AppiumTestCases.AppiumDemo1">
    <error type="org.openqa.selenium.NoAlertPresentException" message="no such alert
  (Session info: chrome=70.0.3538.110)
  (Driver info: chromedriver=2.45.615291 (ec3682e3c9061c10f26ea9e5cdcf3c53f3f74387),platform=Windows NT 10.0.17763 x86_64)
Build info: version: &#039;3.14.0&#039;, revision: &#039;aacccce0&#039;, time: &#039;2018-08-02T20:05:20.749Z&#039;
System info: host: &#039;DESKTOP-1UVLBD0&#039;, ip: &#039;192.168.1.90&#039;, os.name: &#039;Windows 10&#039;, os.arch: &#039;amd64&#039;, os.version: &#039;10.0&#039;, java.version: &#039;1.8.0_221&#039;
Driver info: io.appium.java_client.android.AndroidDriver
Capabilities {appActivity: com.google.android.apps.chr..., appPackage: com.android.chrome, automationName: UiAutomator2, browserName: chrome, chromedriverExecutable: C:\chromedriver.exe, databaseEnabled: false, desired: {automationName: UiAutomator2, browserName: chrome, chromedriverExecutable: C:\chromedriver.exe, deviceName: TCL A1, noReset: true, platformName: android, platformVersion: 8, udid: DEUSKBKJY57TFYQW}, deviceApiLevel: 27, deviceManufacturer: TCL, deviceModel: A501DL, deviceName: DEUSKBKJY57TFYQW, deviceScreenDensity: 240, deviceScreenSize: 480x960, deviceUDID: DEUSKBKJY57TFYQW, javascriptEnabled: true, locationContextEnabled: false, networkConnectionEnabled: true, noReset: true, pixelRatio: 1.5, platform: LINUX, platformName: Android, platformVersion: 8.1.0, statBarHeight: 36, takesScreenshot: true, udid: DEUSKBKJY57TFYQW, viewportRect: {height: 852, left: 0, top: 36, width: 480}, warnings: {}, webStorageEnabled: false}
Session ID: 1bd9cb89-3345-4f54-a8b4-8aef9b7cd2a7">
      <![CDATA[org.openqa.selenium.NoAlertPresentException: no such alert
  (Session info: chrome=70.0.3538.110)
  (Driver info: chromedriver=2.45.615291 (ec3682e3c9061c10f26ea9e5cdcf3c53f3f74387),platform=Windows NT 10.0.17763 x86_64)
Build info: version: '3.14.0', revision: 'aacccce0', time: '2018-08-02T20:05:20.749Z'
System info: host: 'DESKTOP-1UVLBD0', ip: '192.168.1.90', os.name: 'Windows 10', os.arch: 'amd64', os.version: '10.0', java.version: '1.8.0_221'
Driver info: io.appium.java_client.android.AndroidDriver
Capabilities {appActivity: com.google.android.apps.chr..., appPackage: com.android.chrome, automationName: UiAutomator2, browserName: chrome, chromedriverExecutable: C:\chromedriver.exe, databaseEnabled: false, desired: {automationName: UiAutomator2, browserName: chrome, chromedriverExecutable: C:\chromedriver.exe, deviceName: TCL A1, noReset: true, platformName: android, platformVersion: 8, udid: DEUSKBKJY57TFYQW}, deviceApiLevel: 27, deviceManufacturer: TCL, deviceModel: A501DL, deviceName: DEUSKBKJY57TFYQW, deviceScreenDensity: 240, deviceScreenSize: 480x960, deviceUDID: DEUSKBKJY57TFYQW, javascriptEnabled: true, locationContextEnabled: false, networkConnectionEnabled: true, noReset: true, pixelRatio: 1.5, platform: LINUX, platformName: Android, platformVersion: 8.1.0, statBarHeight: 36, takesScreenshot: true, udid: DEUSKBKJY57TFYQW, viewportRect: {height: 852, left: 0, top: 36, width: 480}, warnings: {}, webStorageEnabled: false}
Session ID: 1bd9cb89-3345-4f54-a8b4-8aef9b7cd2a7
at sun.reflect.NativeConstructorAccessorImpl.newInstance0(Native Method)
at sun.reflect.NativeConstructorAccessorImpl.newInstance(Unknown Source)
at sun.reflect.DelegatingConstructorAccessorImpl.newInstance(Unknown Source)
at java.lang.reflect.Constructor.newInstance(Unknown Source)
at org.openqa.selenium.remote.http.W3CHttpResponseCodec.createException(W3CHttpResponseCodec.java:187)
at org.openqa.selenium.remote.http.W3CHttpResponseCodec.decode(W3CHttpResponseCodec.java:122)
at org.openqa.selenium.remote.http.W3CHttpResponseCodec.decode(W3CHttpResponseCodec.java:49)
at org.openqa.selenium.remote.HttpCommandExecutor.execute(HttpCommandExecutor.java:158)
at io.appium.java_client.remote.AppiumCommandExecutor.execute(AppiumCommandExecutor.java:239)
at org.openqa.selenium.remote.RemoteWebDriver.execute(RemoteWebDriver.java:548)
at io.appium.java_client.DefaultGenericMobileDriver.execute(DefaultGenericMobileDriver.java:46)
at io.appium.java_client.AppiumDriver.execute(AppiumDriver.java:1)
at io.appium.java_client.android.AndroidDriver.execute(AndroidDriver.java:1)
at org.openqa.selenium.remote.RemoteWebDriver$RemoteTargetLocator.alert(RemoteWebDriver.java:928)
at AppiumTestCases.AppiumDemo1.setUp(AppiumDemo1.java:63)
at sun.reflect.NativeMethodAccessorImpl.invoke0(Native Method)
at sun.reflect.NativeMethodAccessorImpl.invoke(Unknown Source)
at sun.reflect.DelegatingMethodAccessorImpl.invoke(Unknown Source)
at java.lang.reflect.Method.invoke(Unknown Source)
at org.testng.internal.MethodInvocationHelper.invokeMethod(MethodInvocationHelper.java:133)
at org.testng.internal.TestInvoker.invokeMethod(TestInvoker.java:584)
at org.testng.internal.TestInvoker.invokeTestMethod(TestInvoker.java:172)
at org.testng.internal.MethodRunner.runInSequence(MethodRunner.java:46)
at org.testng.internal.TestInvoker$MethodInvocationAgent.invoke(TestInvoker.java:804)
at org.testng.internal.TestInvoker.invokeTestMethods(TestInvoker.java:145)
at org.testng.internal.TestMethodWorker.invokeTestMethods(TestMethodWorker.java:146)
at org.testng.internal.TestMethodWorker.run(TestMethodWorker.java:128)
at java.util.ArrayList.forEach(Unknown Source)
at org.testng.TestRunner.privateRun(TestRunner.java:770)
at org.testng.TestRunner.run(TestRunner.java:591)
at org.testng.SuiteRunner.runTest(SuiteRunner.java:402)
at org.testng.SuiteRunner.runSequentially(SuiteRunner.java:396)
at org.testng.SuiteRunner.privateRun(SuiteRunner.java:355)
at org.testng.SuiteRunner.run(SuiteRunner.java:304)
at org.testng.SuiteRunnerWorker.runSuite(SuiteRunnerWorker.java:53)
at org.testng.SuiteRunnerWorker.run(SuiteRunnerWorker.java:96)
at org.testng.TestNG.runSuitesSequentially(TestNG.java:1180)
at org.testng.TestNG.runSuitesLocally(TestNG.java:1102)
at org.testng.TestNG.runSuites(TestNG.java:1032)
at org.testng.TestNG.run(TestNG.java:1000)
at org.testng.remote.AbstractRemoteTestNG.run(AbstractRemoteTestNG.java:115)
at org.testng.remote.RemoteTestNG.initAndRun(RemoteTestNG.java:251)
at org.testng.remote.RemoteTestNG.main(RemoteTestNG.java:77)
]]>
    </error>
  </testcase> <!-- setUp -->
</testsuite> <!-- AppiumTestCases.AppiumDemo1 -->
